[0.275s] DEBUG:colcon:Command line arguments: ['/usr/bin/colcon', 'build', '--packages-select', 'camera']
[0.275s] DEBUG:colcon:Parsed command line arguments: Namespace(log_base=None, log_level=None, verb_name='build', build_base='build', install_base='install', merge_install=False, symlink_install=False, test_result_base=None, continue_on_error=False, executor='parallel', parallel_workers=6, event_handlers=None, ignore_user_meta=False, metas=['./colcon.meta'], base_paths=['.'], packages_ignore=None, packages_ignore_regex=None, paths=None, packages_up_to=None, packages_up_to_regex=None, packages_above=None, packages_above_and_dependencies=None, packages_above_depth=None, packages_select_by_dep=None, packages_skip_by_dep=None, packages_skip_up_to=None, packages_select_build_failed=False, packages_skip_build_finished=False, packages_select_test_failures=False, packages_skip_test_passed=False, packages_select=['camera'], packages_skip=None, packages_select_regex=None, packages_skip_regex=None, packages_start=None, packages_end=None, allow_overriding=[], cmake_args=None, cmake_target=None, cmake_target_skip_unavailable=False, cmake_clean_cache=False, cmake_clean_first=False, cmake_force_configure=False, ament_cmake_args=None, catkin_cmake_args=None, catkin_skip_building_tests=False, mixin_files=None, mixin=None, verb_parser=<colcon_mixin.mixin.mixin_argument.MixinArgumentDecorator object at 0xffff93020af0>, verb_extension=<colcon_core.verb.build.BuildVerb object at 0xffff93020580>, main=<bound method BuildVerb.main of <colcon_core.verb.build.BuildVerb object at 0xffff93020580>>, mixin_verb=('build',))
[0.371s] Level 1:colcon.colcon_core.package_discovery:discover_packages(colcon_meta) check parameters
[0.371s] Level 1:colcon.colcon_core.package_discovery:discover_packages(recursive) check parameters
[0.371s] Level 1:colcon.colcon_core.package_discovery:discover_packages(ignore) check parameters
[0.371s] Level 1:colcon.colcon_core.package_discovery:discover_packages(path) check parameters
[0.371s] Level 1:colcon.colcon_core.package_discovery:discover_packages(colcon_meta) discover
[0.372s] Level 1:colcon.colcon_core.package_discovery:discover_packages(recursive) discover
[0.372s] INFO:colcon.colcon_core.package_discovery:Crawling recursively for packages in '/home/jetson/my_ugv'
[0.372s] Level 1:colcon.colcon_core.package_identification:_identify(.) by extensions ['ignore', 'ignore_ament_install']
[0.372s] Level 1:colcon.colcon_core.package_identification:_identify(.) by extension 'ignore'
[0.372s] Level 1:colcon.colcon_core.package_identification:_identify(.) by extension 'ignore_ament_install'
[0.373s] Level 1:colcon.colcon_core.package_identification:_identify(.) by extensions ['colcon_pkg']
[0.373s] Level 1:colcon.colcon_core.package_identification:_identify(.) by extension 'colcon_pkg'
[0.373s] Level 1:colcon.colcon_core.package_identification:_identify(.) by extensions ['colcon_meta']
[0.373s] Level 1:colcon.colcon_core.package_identification:_identify(.) by extension 'colcon_meta'
[0.373s] Level 1:colcon.colcon_core.package_identification:_identify(.) by extensions ['ros']
[0.373s] Level 1:colcon.colcon_core.package_identification:_identify(.) by extension 'ros'
[0.406s] Level 1:colcon.colcon_core.package_identification:_identify(.) by extensions ['cmake', 'python']
[0.406s] Level 1:colcon.colcon_core.package_identification:_identify(.) by extension 'cmake'
[0.406s] Level 1:colcon.colcon_core.package_identification:_identify(.) by extension 'python'
[0.407s] Level 1:colcon.colcon_core.package_identification:_identify(.) by extensions ['python_setup_py']
[0.407s] Level 1:colcon.colcon_core.package_identification:_identify(.) by extension 'python_setup_py'
[0.407s] Level 1:colcon.colcon_core.package_identification:_identify(build) by extensions ['ignore', 'ignore_ament_install']
[0.407s] Level 1:colcon.colcon_core.package_identification:_identify(build) by extension 'ignore'
[0.407s] Level 1:colcon.colcon_core.package_identification:_identify(build) ignored
[0.408s] Level 1:colcon.colcon_core.package_identification:_identify(design_doc) by extensions ['ignore', 'ignore_ament_install']
[0.408s] Level 1:colcon.colcon_core.package_identification:_identify(design_doc) by extension 'ignore'
[0.408s] Level 1:colcon.colcon_core.package_identification:_identify(design_doc) by extension 'ignore_ament_install'
[0.408s] Level 1:colcon.colcon_core.package_identification:_identify(design_doc) by extensions ['colcon_pkg']
[0.408s] Level 1:colcon.colcon_core.package_identification:_identify(design_doc) by extension 'colcon_pkg'
[0.408s] Level 1:colcon.colcon_core.package_identification:_identify(design_doc) by extensions ['colcon_meta']
[0.408s] Level 1:colcon.colcon_core.package_identification:_identify(design_doc) by extension 'colcon_meta'
[0.409s] Level 1:colcon.colcon_core.package_identification:_identify(design_doc) by extensions ['ros']
[0.409s] Level 1:colcon.colcon_core.package_identification:_identify(design_doc) by extension 'ros'
[0.409s] Level 1:colcon.colcon_core.package_identification:_identify(design_doc) by extensions ['cmake', 'python']
[0.409s] Level 1:colcon.colcon_core.package_identification:_identify(design_doc) by extension 'cmake'
[0.409s] Level 1:colcon.colcon_core.package_identification:_identify(design_doc) by extension 'python'
[0.409s] Level 1:colcon.colcon_core.package_identification:_identify(design_doc) by extensions ['python_setup_py']
[0.409s] Level 1:colcon.colcon_core.package_identification:_identify(design_doc) by extension 'python_setup_py'
[0.409s] Level 1:colcon.colcon_core.package_identification:_identify(install) by extensions ['ignore', 'ignore_ament_install']
[0.410s] Level 1:colcon.colcon_core.package_identification:_identify(install) by extension 'ignore'
[0.410s] Level 1:colcon.colcon_core.package_identification:_identify(install) ignored
[0.410s] Level 1:colcon.colcon_core.package_identification:_identify(log) by extensions ['ignore', 'ignore_ament_install']
[0.410s] Level 1:colcon.colcon_core.package_identification:_identify(log) by extension 'ignore'
[0.410s] Level 1:colcon.colcon_core.package_identification:_identify(log) ignored
[0.410s] Level 1:colcon.colcon_core.package_identification:_identify(src) by extensions ['ignore', 'ignore_ament_install']
[0.411s] Level 1:colcon.colcon_core.package_identification:_identify(src) by extension 'ignore'
[0.411s] Level 1:colcon.colcon_core.package_identification:_identify(src) by extension 'ignore_ament_install'
[0.411s] Level 1:colcon.colcon_core.package_identification:_identify(src) by extensions ['colcon_pkg']
[0.411s] Level 1:colcon.colcon_core.package_identification:_identify(src) by extension 'colcon_pkg'
[0.411s] Level 1:colcon.colcon_core.package_identification:_identify(src) by extensions ['colcon_meta']
[0.411s] Level 1:colcon.colcon_core.package_identification:_identify(src) by extension 'colcon_meta'
[0.411s] Level 1:colcon.colcon_core.package_identification:_identify(src) by extensions ['ros']
[0.411s] Level 1:colcon.colcon_core.package_identification:_identify(src) by extension 'ros'
[0.412s] Level 1:colcon.colcon_core.package_identification:_identify(src) by extensions ['cmake', 'python']
[0.412s] Level 1:colcon.colcon_core.package_identification:_identify(src) by extension 'cmake'
[0.412s] Level 1:colcon.colcon_core.package_identification:_identify(src) by extension 'python'
[0.412s] Level 1:colcon.colcon_core.package_identification:_identify(src) by extensions ['python_setup_py']
[0.412s] Level 1:colcon.colcon_core.package_identification:_identify(src) by extension 'python_setup_py'
[0.412s] Level 1:colcon.colcon_core.package_identification:_identify(src/camera) by extensions ['ignore', 'ignore_ament_install']
[0.412s] Level 1:colcon.colcon_core.package_identification:_identify(src/camera) by extension 'ignore'
[0.412s] Level 1:colcon.colcon_core.package_identification:_identify(src/camera) by extension 'ignore_ament_install'
[0.413s] Level 1:colcon.colcon_core.package_identification:_identify(src/camera) by extensions ['colcon_pkg']
[0.413s] Level 1:colcon.colcon_core.package_identification:_identify(src/camera) by extension 'colcon_pkg'
[0.413s] Level 1:colcon.colcon_core.package_identification:_identify(src/camera) by extensions ['colcon_meta']
[0.413s] Level 1:colcon.colcon_core.package_identification:_identify(src/camera) by extension 'colcon_meta'
[0.413s] Level 1:colcon.colcon_core.package_identification:_identify(src/camera) by extensions ['ros']
[0.413s] Level 1:colcon.colcon_core.package_identification:_identify(src/camera) by extension 'ros'
[0.419s] DEBUG:colcon.colcon_core.package_identification:Package 'src/camera' with type 'ros.ament_python' and name 'camera'
[0.419s] Level 1:colcon.colcon_core.package_identification:_identify(src/chassis) by extensions ['ignore', 'ignore_ament_install']
[0.420s] Level 1:colcon.colcon_core.package_identification:_identify(src/chassis) by extension 'ignore'
[0.420s] Level 1:colcon.colcon_core.package_identification:_identify(src/chassis) by extension 'ignore_ament_install'
[0.420s] Level 1:colcon.colcon_core.package_identification:_identify(src/chassis) by extensions ['colcon_pkg']
[0.420s] Level 1:colcon.colcon_core.package_identification:_identify(src/chassis) by extension 'colcon_pkg'
[0.420s] Level 1:colcon.colcon_core.package_identification:_identify(src/chassis) by extensions ['colcon_meta']
[0.420s] Level 1:colcon.colcon_core.package_identification:_identify(src/chassis) by extension 'colcon_meta'
[0.421s] Level 1:colcon.colcon_core.package_identification:_identify(src/chassis) by extensions ['ros']
[0.421s] Level 1:colcon.colcon_core.package_identification:_identify(src/chassis) by extension 'ros'
[0.423s] DEBUG:colcon.colcon_core.package_identification:Package 'src/chassis' with type 'ros.ament_python' and name 'chassis'
[0.423s] Level 1:colcon.colcon_core.package_discovery:discover_packages(recursive) using defaults
[0.423s] Level 1:colcon.colcon_core.package_discovery:discover_packages(ignore) discover
[0.423s] Level 1:colcon.colcon_core.package_discovery:discover_packages(ignore) using defaults
[0.423s] Level 1:colcon.colcon_core.package_discovery:discover_packages(path) discover
[0.423s] Level 1:colcon.colcon_core.package_discovery:discover_packages(path) using defaults
[0.471s] INFO:colcon.colcon_core.package_selection:Skipping not selected package 'chassis' in 'src/chassis'
[0.472s] Level 1:colcon.colcon_core.package_discovery:discover_packages(prefix_path) check parameters
[0.472s] Level 1:colcon.colcon_core.package_discovery:discover_packages(prefix_path) discover
[0.476s] DEBUG:colcon.colcon_installed_package_information.package_discovery:Found 1 installed packages in /home/jetson/my_ugv/install
[0.479s] DEBUG:colcon.colcon_installed_package_information.package_discovery:Found 278 installed packages in /opt/ros/humble
[0.482s] Level 1:colcon.colcon_core.package_discovery:discover_packages(prefix_path) using defaults
[0.564s] Level 5:colcon.colcon_core.verb:set package 'camera' build argument 'cmake_args' from command line to 'None'
[0.565s] Level 5:colcon.colcon_core.verb:set package 'camera' build argument 'cmake_target' from command line to 'None'
[0.565s] Level 5:colcon.colcon_core.verb:set package 'camera' build argument 'cmake_target_skip_unavailable' from command line to 'False'
[0.565s] Level 5:colcon.colcon_core.verb:set package 'camera' build argument 'cmake_clean_cache' from command line to 'False'
[0.565s] Level 5:colcon.colcon_core.verb:set package 'camera' build argument 'cmake_clean_first' from command line to 'False'
[0.565s] Level 5:colcon.colcon_core.verb:set package 'camera' build argument 'cmake_force_configure' from command line to 'False'
[0.565s] Level 5:colcon.colcon_core.verb:set package 'camera' build argument 'ament_cmake_args' from command line to 'None'
[0.565s] Level 5:colcon.colcon_core.verb:set package 'camera' build argument 'catkin_cmake_args' from command line to 'None'
[0.565s] Level 5:colcon.colcon_core.verb:set package 'camera' build argument 'catkin_skip_building_tests' from command line to 'False'
[0.565s] DEBUG:colcon.colcon_core.verb:Building package 'camera' with the following arguments: {'ament_cmake_args': None, 'build_base': '/home/jetson/my_ugv/build/camera', 'catkin_cmake_args': None, 'catkin_skip_building_tests': False, 'cmake_args': None, 'cmake_clean_cache': False, 'cmake_clean_first': False, 'cmake_force_configure': False, 'cmake_target': None, 'cmake_target_skip_unavailable': False, 'install_base': '/home/jetson/my_ugv/install/camera', 'merge_install': False, 'path': '/home/jetson/my_ugv/src/camera', 'symlink_install': False, 'test_result_base': None}
[0.566s] INFO:colcon.colcon_core.executor:Executing jobs using 'parallel' executor
[0.568s] DEBUG:colcon.colcon_parallel_executor.executor.parallel:run_until_complete
[0.569s] INFO:colcon.colcon_ros.task.ament_python.build:Building ROS package in '/home/jetson/my_ugv/src/camera' with build type 'ament_python'
[0.569s] Level 1:colcon.colcon_core.shell:create_environment_hook('camera', 'ament_prefix_path')
[0.573s] INFO:colcon.colcon_core.plugin_system:Skipping extension 'colcon_core.shell.bat': Not used on non-Windows systems
[0.574s] INFO:colcon.colcon_core.shell:Creating environment hook '/home/jetson/my_ugv/install/camera/share/camera/hook/ament_prefix_path.ps1'
[0.576s] INFO:colcon.colcon_core.shell:Creating environment descriptor '/home/jetson/my_ugv/install/camera/share/camera/hook/ament_prefix_path.dsv'
[0.577s] INFO:colcon.colcon_core.shell:Creating environment hook '/home/jetson/my_ugv/install/camera/share/camera/hook/ament_prefix_path.sh'
[0.579s] INFO:colcon.colcon_core.shell:Skip shell extension 'powershell' for command environment: Not usable outside of PowerShell
[0.579s] DEBUG:colcon.colcon_core.shell:Skip shell extension 'dsv' for command environment
[1.122s] INFO:colcon.colcon_core.task.python.build:Building Python package in '/home/jetson/my_ugv/src/camera'
[1.123s] INFO:colcon.colcon_core.shell:Skip shell extension 'powershell' for command environment: Not usable outside of PowerShell
[1.123s] DEBUG:colcon.colcon_core.shell:Skip shell extension 'dsv' for command environment
[2.135s] DEBUG:colcon.colcon_core.event_handler.log_command:Invoking command in '/home/jetson/my_ugv/src/camera': CONDA_PROMPT_MODIFIER=(base) PS1=\n(TraeAI-4) \w [$?] $ PYTHONPATH=/home/jetson/my_ugv/build/camera/prefix_override:/usr/lib/python3/dist-packages/colcon_core/task/python/colcon_distutils_commands:/home/jetson/my_ugv/install/camera/lib/python3.10/site-packages:${PYTHONPATH} __trae_PS1=\n(TraeAI-4) \w [$?] $ /usr/bin/python3 -W ignore:setup.py install is deprecated -W ignore:easy_install command is deprecated setup.py egg_info --egg-base ../../build/camera build --build-base /home/jetson/my_ugv/build/camera/build install --record /home/jetson/my_ugv/build/camera/install.log --single-version-externally-managed install_data
[3.272s] DEBUG:colcon.colcon_core.event_handler.log_command:Invoked command in '/home/jetson/my_ugv/src/camera' returned '0': CONDA_PROMPT_MODIFIER=(base) PS1=\n(TraeAI-4) \w [$?] $ PYTHONPATH=/home/jetson/my_ugv/build/camera/prefix_override:/usr/lib/python3/dist-packages/colcon_core/task/python/colcon_distutils_commands:/home/jetson/my_ugv/install/camera/lib/python3.10/site-packages:${PYTHONPATH} __trae_PS1=\n(TraeAI-4) \w [$?] $ /usr/bin/python3 -W ignore:setup.py install is deprecated -W ignore:easy_install command is deprecated setup.py egg_info --egg-base ../../build/camera build --build-base /home/jetson/my_ugv/build/camera/build install --record /home/jetson/my_ugv/build/camera/install.log --single-version-externally-managed install_data
[3.281s] Level 1:colcon.colcon_core.environment:checking '/home/jetson/my_ugv/install/camera' for CMake module files
[3.283s] Level 1:colcon.colcon_core.environment:checking '/home/jetson/my_ugv/install/camera' for CMake config files
[3.286s] Level 1:colcon.colcon_core.environment:checking '/home/jetson/my_ugv/install/camera/lib'
[3.287s] Level 1:colcon.colcon_core.environment:checking '/home/jetson/my_ugv/install/camera/bin'
[3.287s] Level 1:colcon.colcon_core.environment:checking '/home/jetson/my_ugv/install/camera/lib/pkgconfig/camera.pc'
[3.288s] Level 1:colcon.colcon_core.environment:checking '/home/jetson/my_ugv/install/camera/lib/python3.10/site-packages'
[3.288s] Level 1:colcon.colcon_core.shell:create_environment_hook('camera', 'pythonpath')
[3.289s] INFO:colcon.colcon_core.shell:Creating environment hook '/home/jetson/my_ugv/install/camera/share/camera/hook/pythonpath.ps1'
[3.291s] INFO:colcon.colcon_core.shell:Creating environment descriptor '/home/jetson/my_ugv/install/camera/share/camera/hook/pythonpath.dsv'
[3.293s] INFO:colcon.colcon_core.shell:Creating environment hook '/home/jetson/my_ugv/install/camera/share/camera/hook/pythonpath.sh'
[3.296s] Level 1:colcon.colcon_core.environment:checking '/home/jetson/my_ugv/install/camera/bin'
[3.296s] Level 1:colcon.colcon_core.environment:create_environment_scripts_only(camera)
[3.297s] INFO:colcon.colcon_core.shell:Creating package script '/home/jetson/my_ugv/install/camera/share/camera/package.ps1'
[3.301s] INFO:colcon.colcon_core.shell:Creating package descriptor '/home/jetson/my_ugv/install/camera/share/camera/package.dsv'
[3.304s] INFO:colcon.colcon_core.shell:Creating package script '/home/jetson/my_ugv/install/camera/share/camera/package.sh'
[3.307s] INFO:colcon.colcon_core.shell:Creating package script '/home/jetson/my_ugv/install/camera/share/camera/package.bash'
[3.310s] INFO:colcon.colcon_core.shell:Creating package script '/home/jetson/my_ugv/install/camera/share/camera/package.zsh'
[3.313s] Level 1:colcon.colcon_core.environment:create_file_with_runtime_dependencies(/home/jetson/my_ugv/install/camera/share/colcon-core/packages/camera)
[3.315s] DEBUG:colcon.colcon_parallel_executor.executor.parallel:closing loop
[3.316s] DEBUG:colcon.colcon_parallel_executor.executor.parallel:loop closed
[3.316s] DEBUG:colcon.colcon_parallel_executor.executor.parallel:run_until_complete finished with '0'
[3.316s] DEBUG:colcon.colcon_core.event_reactor:joining thread
[3.336s] INFO:colcon.colcon_core.plugin_system:Skipping extension 'colcon_notification.desktop_notification.terminal_notifier': Not used on non-Darwin systems
[3.336s] INFO:colcon.colcon_core.plugin_system:Skipping extension 'colcon_notification.desktop_notification.win32': Not used on non-Windows systems
[3.336s] INFO:colcon.colcon_notification.desktop_notification:Sending desktop notification using 'notify2'
[3.367s] DEBUG:colcon.colcon_notification.desktop_notification.notify2:Failed to initialize notify2: org.freedesktop.DBus.Error.Spawn.ChildExited: Process org.freedesktop.Notifications exited with status 1
[3.368s] DEBUG:colcon.colcon_core.event_reactor:joined thread
[3.369s] INFO:colcon.colcon_core.shell:Creating prefix script '/home/jetson/my_ugv/install/local_setup.ps1'
[3.373s] INFO:colcon.colcon_core.shell:Creating prefix util module '/home/jetson/my_ugv/install/_local_setup_util_ps1.py'
[3.378s] INFO:colcon.colcon_core.shell:Creating prefix chain script '/home/jetson/my_ugv/install/setup.ps1'
[3.382s] INFO:colcon.colcon_core.shell:Creating prefix script '/home/jetson/my_ugv/install/local_setup.sh'
[3.385s] INFO:colcon.colcon_core.shell:Creating prefix util module '/home/jetson/my_ugv/install/_local_setup_util_sh.py'
[3.387s] INFO:colcon.colcon_core.shell:Creating prefix chain script '/home/jetson/my_ugv/install/setup.sh'
[3.391s] INFO:colcon.colcon_core.shell:Creating prefix script '/home/jetson/my_ugv/install/local_setup.bash'
[3.393s] INFO:colcon.colcon_core.shell:Creating prefix chain script '/home/jetson/my_ugv/install/setup.bash'
[3.396s] INFO:colcon.colcon_core.shell:Creating prefix script '/home/jetson/my_ugv/install/local_setup.zsh'
[3.398s] INFO:colcon.colcon_core.shell:Creating prefix chain script '/home/jetson/my_ugv/install/setup.zsh'
