running egg_info
creating ../../build/camera/camera.egg-info
writing ../../build/camera/camera.egg-info/PKG-INFO
writing dependency_links to ../../build/camera/camera.egg-info/dependency_links.txt
writing requirements to ../../build/camera/camera.egg-info/requires.txt
writing top-level names to ../../build/camera/camera.egg-info/top_level.txt
writing manifest file '../../build/camera/camera.egg-info/SOURCES.txt'
reading manifest file '../../build/camera/camera.egg-info/SOURCES.txt'
writing manifest file '../../build/camera/camera.egg-info/SOURCES.txt'
running build
running build_py
creating /home/jetson/my_ugv/build/camera/build/lib/camera
copying camera/__init__.py -> /home/jetson/my_ugv/build/camera/build/lib/camera
running install
running install_lib
creating /home/jetson/my_ugv/install/camera/lib/python3.10/site-packages/camera
copying /home/jetson/my_ugv/build/camera/build/lib/camera/__init__.py -> /home/jetson/my_ugv/install/camera/lib/python3.10/site-packages/camera
byte-compiling /home/jetson/my_ugv/install/camera/lib/python3.10/site-packages/camera/__init__.py to __init__.cpython-310.pyc
running install_data
creating /home/jetson/my_ugv/install/camera/share/ament_index/resource_index/packages
copying resource/camera -> /home/jetson/my_ugv/install/camera/share/ament_index/resource_index/packages
copying package.xml -> /home/jetson/my_ugv/install/camera/share/camera
running install_egg_info
Copying ../../build/camera/camera.egg-info to /home/jetson/my_ugv/install/camera/lib/python3.10/site-packages/camera-0.0.0-py3.10.egg-info
running install_scripts
writing list of installed files to '/home/jetson/my_ugv/build/camera/install.log'
