[1.567s] Invoking command in '/home/jetson/my_ugv/src/camera': CONDA_PROMPT_MODIFIER=(base) PS1=\n(TraeAI-4) \w [$?] $ PYTHONPATH=/home/jetson/my_ugv/build/camera/prefix_override:/usr/lib/python3/dist-packages/colcon_core/task/python/colcon_distutils_commands:/home/jetson/my_ugv/install/camera/lib/python3.10/site-packages:${PYTHONPATH} __trae_PS1=\n(TraeAI-4) \w [$?] $ /usr/bin/python3 -W ignore:setup.py install is deprecated -W ignore:easy_install command is deprecated setup.py egg_info --egg-base ../../build/camera build --build-base /home/jetson/my_ugv/build/camera/build install --record /home/jetson/my_ugv/build/camera/install.log --single-version-externally-managed install_data
[2.212s] running egg_info
[2.256s] writing ../../build/camera/camera.egg-info/PKG-INFO
[2.258s] writing dependency_links to ../../build/camera/camera.egg-info/dependency_links.txt
[2.259s] writing requirements to ../../build/camera/camera.egg-info/requires.txt
[2.259s] writing top-level names to ../../build/camera/camera.egg-info/top_level.txt
[2.353s] reading manifest file '../../build/camera/camera.egg-info/SOURCES.txt'
[2.356s] writing manifest file '../../build/camera/camera.egg-info/SOURCES.txt'
[2.357s] running build
[2.357s] running build_py
[2.357s] copying camera/__init__.py -> /home/jetson/my_ugv/build/camera/build/lib/camera
[2.358s] running install
[2.368s] running install_lib
[2.415s] running install_data
[2.415s] copying resource/camera -> /home/jetson/my_ugv/install/camera/share/ament_index/resource_index/packages
[2.416s] copying package.xml -> /home/jetson/my_ugv/install/camera/share/camera
[2.416s] copying launch/camera.launch.py -> /home/jetson/my_ugv/install/camera/share/camera/launch
[2.417s] copying launch/apriltag_track.launch.py -> /home/jetson/my_ugv/install/camera/share/camera/launch
[2.417s] copying config/camera_info.yaml -> /home/jetson/my_ugv/install/camera/share/camera/config
[2.418s] copying config/params.yaml -> /home/jetson/my_ugv/install/camera/share/camera/config
[2.418s] running install_egg_info
[2.466s] removing '/home/jetson/my_ugv/install/camera/lib/python3.10/site-packages/camera-0.0.0-py3.10.egg-info' (and everything under it)
[2.467s] Copying ../../build/camera/camera.egg-info to /home/jetson/my_ugv/install/camera/lib/python3.10/site-packages/camera-0.0.0-py3.10.egg-info
[2.468s] running install_scripts
[2.561s] writing list of installed files to '/home/jetson/my_ugv/build/camera/install.log'
[2.630s] Invoked command in '/home/jetson/my_ugv/src/camera' returned '0': CONDA_PROMPT_MODIFIER=(base) PS1=\n(TraeAI-4) \w [$?] $ PYTHONPATH=/home/jetson/my_ugv/build/camera/prefix_override:/usr/lib/python3/dist-packages/colcon_core/task/python/colcon_distutils_commands:/home/jetson/my_ugv/install/camera/lib/python3.10/site-packages:${PYTHONPATH} __trae_PS1=\n(TraeAI-4) \w [$?] $ /usr/bin/python3 -W ignore:setup.py install is deprecated -W ignore:easy_install command is deprecated setup.py egg_info --egg-base ../../build/camera build --build-base /home/jetson/my_ugv/build/camera/build install --record /home/jetson/my_ugv/build/camera/install.log --single-version-externally-managed install_data
