[1.570s] Invoking command in '/home/jetson/my_ugv/src/speech': CONDA_PROMPT_MODIFIER=(base) PS1=\n(TraeAI-4) \w [$?] $ PYTHONPATH=/home/jetson/my_ugv/build/speech/prefix_override:/usr/lib/python3/dist-packages/colcon_core/task/python/colcon_distutils_commands:/home/jetson/my_ugv/install/speech/lib/python3.10/site-packages:${PYTHONPATH} __trae_PS1=\n(TraeAI-4) \w [$?] $ /usr/bin/python3 -W ignore:setup.py install is deprecated -W ignore:easy_install command is deprecated setup.py egg_info --egg-base ../../build/speech build --build-base /home/jetson/my_ugv/build/speech/build install --record /home/jetson/my_ugv/build/speech/install.log --single-version-externally-managed install_data
[2.224s] running egg_info
[2.274s] creating ../../build/speech/speech.egg-info
[2.274s] writing ../../build/speech/speech.egg-info/PKG-INFO
[2.275s] writing dependency_links to ../../build/speech/speech.egg-info/dependency_links.txt
[2.276s] writing entry points to ../../build/speech/speech.egg-info/entry_points.txt
[2.277s] writing requirements to ../../build/speech/speech.egg-info/requires.txt
[2.277s] writing top-level names to ../../build/speech/speech.egg-info/top_level.txt
[2.277s] writing manifest file '../../build/speech/speech.egg-info/SOURCES.txt'
[2.374s] reading manifest file '../../build/speech/speech.egg-info/SOURCES.txt'
[2.376s] writing manifest file '../../build/speech/speech.egg-info/SOURCES.txt'
[2.377s] running build
[2.377s] running build_py
[2.377s] creating /home/jetson/my_ugv/build/speech/build/lib/speech
[2.378s] copying speech/__init__.py -> /home/jetson/my_ugv/build/speech/build/lib/speech
[2.378s] copying speech/speech_node.py -> /home/jetson/my_ugv/build/speech/build/lib/speech
[2.379s] running install
[2.389s] running install_lib
[2.437s] creating /home/jetson/my_ugv/install/speech/lib/python3.10/site-packages/speech
[2.437s] copying /home/jetson/my_ugv/build/speech/build/lib/speech/__init__.py -> /home/jetson/my_ugv/install/speech/lib/python3.10/site-packages/speech
[2.437s] copying /home/jetson/my_ugv/build/speech/build/lib/speech/speech_node.py -> /home/jetson/my_ugv/install/speech/lib/python3.10/site-packages/speech
[2.439s] byte-compiling /home/jetson/my_ugv/install/speech/lib/python3.10/site-packages/speech/__init__.py to __init__.cpython-310.pyc
[2.439s] byte-compiling /home/jetson/my_ugv/install/speech/lib/python3.10/site-packages/speech/speech_node.py to speech_node.cpython-310.pyc
[2.441s] running install_data
[2.441s] creating /home/jetson/my_ugv/install/speech/share/ament_index/resource_index/packages
[2.442s] copying resource/speech -> /home/jetson/my_ugv/install/speech/share/ament_index/resource_index/packages
[2.442s] copying package.xml -> /home/jetson/my_ugv/install/speech/share/speech
[2.442s] running install_egg_info
[2.492s] Copying ../../build/speech/speech.egg-info to /home/jetson/my_ugv/install/speech/lib/python3.10/site-packages/speech-0.0.0-py3.10.egg-info
[2.494s] running install_scripts
[2.590s] Installing speech_node script to /home/jetson/my_ugv/install/speech/lib/speech
[2.591s] writing list of installed files to '/home/jetson/my_ugv/build/speech/install.log'
[2.659s] Invoked command in '/home/jetson/my_ugv/src/speech' returned '0': CONDA_PROMPT_MODIFIER=(base) PS1=\n(TraeAI-4) \w [$?] $ PYTHONPATH=/home/jetson/my_ugv/build/speech/prefix_override:/usr/lib/python3/dist-packages/colcon_core/task/python/colcon_distutils_commands:/home/jetson/my_ugv/install/speech/lib/python3.10/site-packages:${PYTHONPATH} __trae_PS1=\n(TraeAI-4) \w [$?] $ /usr/bin/python3 -W ignore:setup.py install is deprecated -W ignore:easy_install command is deprecated setup.py egg_info --egg-base ../../build/speech build --build-base /home/jetson/my_ugv/build/speech/build install --record /home/jetson/my_ugv/build/speech/install.log --single-version-externally-managed install_data
