running egg_info
writing ../../build/camera/camera.egg-info/PKG-INFO
writing dependency_links to ../../build/camera/camera.egg-info/dependency_links.txt
writing requirements to ../../build/camera/camera.egg-info/requires.txt
writing top-level names to ../../build/camera/camera.egg-info/top_level.txt
reading manifest file '../../build/camera/camera.egg-info/SOURCES.txt'
writing manifest file '../../build/camera/camera.egg-info/SOURCES.txt'
running build
running build_py
copying camera/__init__.py -> /home/jetson/my_ugv/build/camera/build/lib/camera
running install
running install_lib
running install_data
copying resource/camera -> /home/jetson/my_ugv/install/camera/share/ament_index/resource_index/packages
copying package.xml -> /home/jetson/my_ugv/install/camera/share/camera
creating /home/jetson/my_ugv/install/camera/share/camera/launch
copying launch/camera.launch.py -> /home/jetson/my_ugv/install/camera/share/camera/launch
copying launch/apriltag_track.launch.py -> /home/jetson/my_ugv/install/camera/share/camera/launch
creating /home/jetson/my_ugv/install/camera/share/camera/config
copying config/camera_info.yaml -> /home/jetson/my_ugv/install/camera/share/camera/config
copying config/params.yaml -> /home/jetson/my_ugv/install/camera/share/camera/config
running install_egg_info
removing '/home/jetson/my_ugv/install/camera/lib/python3.10/site-packages/camera-0.0.0-py3.10.egg-info' (and everything under it)
Copying ../../build/camera/camera.egg-info to /home/jetson/my_ugv/install/camera/lib/python3.10/site-packages/camera-0.0.0-py3.10.egg-info
running install_scripts
writing list of installed files to '/home/jetson/my_ugv/build/camera/install.log'
